<?xml version="1.0" encoding="UTF-8"?>
<!-- Generated by org.testng.reporters.JUnitReportReporter -->
<testsuite hostname="LAPTOP-JBGPDF36" failures="0" tests="2" name="project2.Signup" time="0.611" errors="0" timestamp="2021-01-28T18:13:33 CST" skipped="0">
  <testcase classname="project2.Signup" name="verifysignUpPageLoad" time="0.029"/>
  <system-out/>
  <testcase classname="project2.Signup" name="verifyIncorrectEmail" time="0.582"/>
  <system-out/>
</testsuite> <!-- project2.Signup -->
