<?xml version="1.0" encoding="UTF-8"?>
<!-- Generated by org.testng.reporters.JUnitReportReporter -->
<testsuite hostname="LAPTOP-JBGPDF36" failures="0" tests="2" name="project2.Contactus" time="4.821" errors="0" timestamp="2021-01-28T18:13:33 CST" skipped="0">
  <testcase classname="project2.Contactus" name="contactScreen" time="0.040"/>
  <system-out/>
  <testcase classname="project2.Contactus" name="sendMessage" time="4.781"/>
  <system-out/>
</testsuite> <!-- project2.Contactus -->
