<?xml version="1.0" encoding="UTF-8"?>
<!-- Generated by org.testng.reporters.JUnitReportReporter -->
<testsuite hostname="LAPTOP-JBGPDF36" failures="0" tests="1" name="TestBase" time="4.056" errors="0" timestamp="2021-01-28T18:53:40 CST" skipped="0">
  <testcase classname="TestBase" name="openBrowser" time="4.056"/>
  <system-out/>
</testsuite> <!-- TestBase -->
