<?xml version="1.0" encoding="UTF-8"?>
<!-- Generated by org.testng.reporters.JUnitReportReporter -->
<testsuite hostname="LAPTOP-JBGPDF36" failures="0" tests="5" name="testcase.Interactions" time="3.889" errors="0" timestamp="2021-01-31T12:32:01 CST" skipped="0">
  <testcase classname="testcase.Interactions" name="drag" time="0.974"/>
  <system-out/>
  <testcase classname="testcase.Interactions" name="droppable" time="0.742"/>
  <system-out/>
  <testcase classname="testcase.Interactions" name="resizable" time="0.808"/>
  <system-out/>
  <testcase classname="testcase.Interactions" name="selectable" time="0.780"/>
  <system-out/>
  <testcase classname="testcase.Interactions" name="sortable" time="0.585"/>
  <system-out/>
</testsuite> <!-- testcase.Interactions -->
