<?xml version="1.0" encoding="UTF-8"?>
<!-- Generated by org.testng.reporters.JUnitReportReporter -->
<testsuite hostname="LAPTOP-JBGPDF36" failures="0" tests="1" name="Interactions" time="1.731" errors="0" timestamp="2021-01-29T12:09:09 CST" skipped="0">
  <testcase classname="Interactions" name="drag" time="1.731"/>
  <system-out/>
</testsuite> <!-- Interactions -->
