<?xml version="1.0" encoding="UTF-8"?>
<!-- Generated by org.testng.reporters.JUnitReportReporter -->
<testsuite hostname="LAPTOP-JBGPDF36" failures="0" tests="1" name="testcase.widgets" time="1.242" errors="0" timestamp="2021-01-31T12:32:26 CST" skipped="0">
  <testcase classname="testcase.widgets" name="accordian" time="1.242"/>
  <system-out/>
</testsuite> <!-- testcase.widgets -->
