<?xml version="1.0" encoding="UTF-8"?>
<!-- Generated by org.testng.reporters.JUnitReportReporter -->
<testsuite hostname="LAPTOP-JBGPDF36" failures="0" tests="1" name="testcase.Interactions" time="1.342" errors="0" timestamp="2021-01-30T16:22:19 CST" skipped="0">
  <testcase classname="testcase.Interactions" name="sortable" time="1.342"/>
  <system-out/>
</testsuite> <!-- testcase.Interactions -->
